<?xml version="1.0" encoding="UTF-8"?>
<!-- Generated by org.testng.reporters.JUnitReportReporter -->
<testsuite hostname="DESKTOP-HVILAEN" failures="0" tests="4" name="test.loginDDT" time="30.119" errors="0" timestamp="2020-03-14T23:47:29 EDT" skipped="0">
  <testcase classname="test.loginDDT" name="loginTest" time="8.064"/>
  <testcase classname="test.loginDDT" name="loginTest" time="7.006"/>
  <testcase classname="test.loginDDT" name="loginTest" time="7.662"/>
  <testcase classname="test.loginDDT" name="loginTest" time="7.387"/>
</testsuite> <!-- test.loginDDT -->
