<?xml version="1.0" encoding="UTF-8"?>
<!-- Generated by org.testng.reporters.JUnitReportReporter -->
<testsuite hostname="DESKTOP-HVILAEN" failures="0" tests="1" name="smoketest.logintest" time="6.754" errors="0" timestamp="2020-03-13T20:57:28 EDT" skipped="0">
  <testcase classname="smoketest.logintest" name="userlogin" time="6.754"/>
</testsuite> <!-- smoketest.logintest -->
